<?xml version="1.0" encoding="UTF-8"?>
<!-- Generated by org.testng.reporters.JUnitReportReporter -->
<testsuite hostname="DESKTOP-A76RVPB" failures="0" tests="1" name="com.nss.discharge_transfer.PeopleHr_Test" time="17.002" errors="0" timestamp="30 Apr 2021 08:41:09 GMT" skipped="0">
  <testcase classname="com.nss.discharge_transfer.PeopleHr_Test" name="People_hr_Login_DashboardLogin" time="17.002"/>
</testsuite> <!-- com.nss.discharge_transfer.PeopleHr_Test -->
